0 info it worked if it ends with ok
1 verbose cli [ 'node',
1 verbose cli   '/usr/local/bin/npm',
1 verbose cli   'install',
1 verbose cli   '--save-dev',
1 verbose cli   'gulp-concat' ]
2 info using npm@1.4.28
3 info using node@v0.10.33
4 warn package.json session@0.1.0 bugs['web'] should probably be bugs['url'].
5 verbose readDependencies using package.json deps
6 verbose cache add [ 'gulp-concat', null ]
7 verbose cache add name=undefined spec="gulp-concat" args=["gulp-concat",null]
8 verbose parsed url { protocol: null,
8 verbose parsed url   slashes: null,
8 verbose parsed url   auth: null,
8 verbose parsed url   host: null,
8 verbose parsed url   port: null,
8 verbose parsed url   hostname: null,
8 verbose parsed url   hash: null,
8 verbose parsed url   search: null,
8 verbose parsed url   query: null,
8 verbose parsed url   pathname: 'gulp-concat',
8 verbose parsed url   path: 'gulp-concat',
8 verbose parsed url   href: 'gulp-concat' }
9 silly lockFile a9575072-gulp-concat gulp-concat
10 verbose lock gulp-concat /Users/qthruadmin/.npm/a9575072-gulp-concat.lock
11 silly lockFile a9575072-gulp-concat gulp-concat
12 silly lockFile a9575072-gulp-concat gulp-concat
13 verbose addNamed [ 'gulp-concat', '' ]
14 verbose addNamed [ null, '*' ]
15 silly lockFile 190d832a-gulp-concat gulp-concat@
16 verbose lock gulp-concat@ /Users/qthruadmin/.npm/190d832a-gulp-concat.lock
17 silly addNameRange { name: 'gulp-concat', range: '*', hasData: false }
18 verbose request where is /gulp-concat
19 verbose request registry https://registry.npmjs.org/
20 verbose request id c3122be731dbc873
21 verbose url raw /gulp-concat
22 verbose url resolving [ 'https://registry.npmjs.org/', './gulp-concat' ]
23 verbose url resolved https://registry.npmjs.org/gulp-concat
24 verbose request where is https://registry.npmjs.org/gulp-concat
25 info trying registry request attempt 1 at 19:49:59
26 verbose etag "4PR2CFRAC3MXRMEFNR93Z6XCR"
27 http GET https://registry.npmjs.org/gulp-concat
28 http 200 https://registry.npmjs.org/gulp-concat
29 silly registry.get cb [ 200,
29 silly registry.get   { server: 'CouchDB/1.5.0 (Erlang OTP/R16B03)',
29 silly registry.get     etag: '"5SSVZOUODFXZPMHP01L8DG6DV"',
29 silly registry.get     'content-type': 'application/json',
29 silly registry.get     'cache-control': 'max-age=60',
29 silly registry.get     'content-length': '35214',
29 silly registry.get     'accept-ranges': 'bytes',
29 silly registry.get     date: 'Sat, 06 Jun 2015 02:50:00 GMT',
29 silly registry.get     via: '1.1 varnish',
29 silly registry.get     age: '0',
29 silly registry.get     connection: 'keep-alive',
29 silly registry.get     'x-served-by': 'cache-lax1434-LAX',
29 silly registry.get     'x-cache': 'HIT',
29 silly registry.get     'x-cache-hits': '1',
29 silly registry.get     'x-timer': 'S1433558999.795267,VS0,VE332',
29 silly registry.get     vary: 'Accept' } ]
30 silly addNameRange number 2 { name: 'gulp-concat', range: '*', hasData: true }
31 silly addNameRange versions [ 'gulp-concat',
31 silly addNameRange   [ '0.0.1',
31 silly addNameRange     '1.0.0',
31 silly addNameRange     '1.1.0',
31 silly addNameRange     '2.0.0',
31 silly addNameRange     '2.1.0',
31 silly addNameRange     '2.1.1',
31 silly addNameRange     '2.1.2',
31 silly addNameRange     '2.1.3',
31 silly addNameRange     '2.1.4',
31 silly addNameRange     '2.1.5',
31 silly addNameRange     '2.1.6',
31 silly addNameRange     '2.1.7',
31 silly addNameRange     '2.2.0',
31 silly addNameRange     '2.3.0',
31 silly addNameRange     '2.3.3',
31 silly addNameRange     '2.3.4',
31 silly addNameRange     '2.3.5',
31 silly addNameRange     '2.4.0',
31 silly addNameRange     '2.4.1',
31 silly addNameRange     '2.4.2',
31 silly addNameRange     '2.4.3',
31 silly addNameRange     '2.5.0',
31 silly addNameRange     '2.5.1',
31 silly addNameRange     '2.5.2' ] ]
32 verbose addNamed [ 'gulp-concat', '2.5.2' ]
33 verbose addNamed [ '2.5.2', '2.5.2' ]
34 silly lockFile f86cbda2-gulp-concat-2-5-2 gulp-concat@2.5.2
35 verbose lock gulp-concat@2.5.2 /Users/qthruadmin/.npm/f86cbda2-gulp-concat-2-5-2.lock
36 silly lockFile 2b63d021-ulp-concat-gulp-concat-2-5-2-tgz https://registry.npmjs.org/gulp-concat/-/gulp-concat-2.5.2.tgz
37 verbose lock https://registry.npmjs.org/gulp-concat/-/gulp-concat-2.5.2.tgz /Users/qthruadmin/.npm/2b63d021-ulp-concat-gulp-concat-2-5-2-tgz.lock
38 verbose addRemoteTarball [ 'https://registry.npmjs.org/gulp-concat/-/gulp-concat-2.5.2.tgz',
38 verbose addRemoteTarball   'd644372cdc2b3cdb421a8a941c8d74e21d815f14' ]
39 info retry fetch attempt 1 at 19:49:59
40 verbose fetch to= /var/folders/fy/1yfg1l8s2cx_5yxwxvzjrjvm0000gn/T/npm-10046-n1i6X1CI/registry.npmjs.org/gulp-concat/-/gulp-concat-2.5.2.tgz
41 http GET https://registry.npmjs.org/gulp-concat/-/gulp-concat-2.5.2.tgz
42 http 200 https://registry.npmjs.org/gulp-concat/-/gulp-concat-2.5.2.tgz
43 silly lockFile 2b63d021-ulp-concat-gulp-concat-2-5-2-tgz https://registry.npmjs.org/gulp-concat/-/gulp-concat-2.5.2.tgz
44 silly lockFile 2b63d021-ulp-concat-gulp-concat-2-5-2-tgz https://registry.npmjs.org/gulp-concat/-/gulp-concat-2.5.2.tgz
45 silly lockFile f86cbda2-gulp-concat-2-5-2 gulp-concat@2.5.2
46 silly lockFile f86cbda2-gulp-concat-2-5-2 gulp-concat@2.5.2
47 silly lockFile 190d832a-gulp-concat gulp-concat@
48 silly lockFile 190d832a-gulp-concat gulp-concat@
49 error Error: EACCES, mkdir '/Users/qthruadmin/.npm/gulp-concat/2.5.2'
49 error  { [Error: EACCES, mkdir '/Users/qthruadmin/.npm/gulp-concat/2.5.2']
49 error   errno: 3,
49 error   code: 'EACCES',
49 error   path: '/Users/qthruadmin/.npm/gulp-concat/2.5.2',
49 error   parent: 'whatitslike' }
50 error Please try running this command again as root/Administrator.
51 error System Darwin 14.3.0
52 error command "node" "/usr/local/bin/npm" "install" "--save-dev" "gulp-concat"
53 error cwd /Users/qthruadmin/Desktop/node-projects/whatitslike
54 error node -v v0.10.33
55 error npm -v 1.4.28
56 error path /Users/qthruadmin/.npm/gulp-concat/2.5.2
57 error code EACCES
58 error errno 3
59 error stack Error: EACCES, mkdir '/Users/qthruadmin/.npm/gulp-concat/2.5.2'
60 verbose exit [ 3, true ]
